22:25:44.708 [main] INFO  com.zhuzb.gitee.GiteeApplication - Starting GiteeApplication on DESKTOP-APV9JPQ with PID 7112 (C:\app\IDEA\projects\gitee\target\classes started by zhuzhengbin in C:\app\IDEA\projects\gitee)
22:25:44.721 [main] INFO  com.zhuzb.gitee.GiteeApplication - No active profile set, falling back to default profiles: default
22:25:46.225 [main] INFO  org.apache.coyote.http11.Http11NioProtocol - Initializing ProtocolHandler ["http-nio-8080"]
22:25:46.226 [main] INFO  org.apache.catalina.core.StandardService - Starting service [Tomcat]
22:25:46.226 [main] INFO  org.apache.catalina.core.StandardEngine - Starting Servlet engine: [Apache Tomcat/9.0.35]
22:25:46.374 [main] INFO  org.apache.catalina.core.ContainerBase.[Tomcat].[localhost].[/] - Initializing Spring embedded WebApplicationContext
22:25:46.992 [main] INFO  com.zaxxer.hikari.HikariDataSource - HikariPool-1 - Starting...
22:25:47.290 [main] INFO  com.zaxxer.hikari.HikariDataSource - HikariPool-1 - Start completed.
22:25:47.364 [main] INFO  org.apache.coyote.http11.Http11NioProtocol - Starting ProtocolHandler ["http-nio-8080"]
22:25:47.415 [main] INFO  com.zhuzb.gitee.GiteeApplication - Started GiteeApplication in 3.489 seconds (JVM running for 5.683)
22:26:04.064 [http-nio-8080-exec-1] INFO  org.apache.catalina.core.ContainerBase.[Tomcat].[localhost].[/] - Initializing Spring DispatcherServlet 'dispatcherServlet'
22:28:39.601 [main] INFO  com.zhuzb.gitee.GiteeApplication - Starting GiteeApplication on DESKTOP-APV9JPQ with PID 7332 (C:\app\IDEA\projects\gitee\target\classes started by zhuzhengbin in C:\app\IDEA\projects\gitee)
22:28:39.628 [main] INFO  com.zhuzb.gitee.GiteeApplication - No active profile set, falling back to default profiles: default
22:28:41.788 [main] INFO  org.apache.coyote.http11.Http11NioProtocol - Initializing ProtocolHandler ["http-nio-8080"]
22:28:41.789 [main] INFO  org.apache.catalina.core.StandardService - Starting service [Tomcat]
22:28:41.790 [main] INFO  org.apache.catalina.core.StandardEngine - Starting Servlet engine: [Apache Tomcat/9.0.35]
22:28:41.977 [main] INFO  org.apache.catalina.core.ContainerBase.[Tomcat].[localhost].[/] - Initializing Spring embedded WebApplicationContext
22:28:42.093 [main] INFO  org.apache.catalina.core.StandardService - Stopping service [Tomcat]
22:29:58.542 [main] INFO  com.zhuzb.gitee.GiteeApplication - Starting GiteeApplication on DESKTOP-APV9JPQ with PID 6628 (C:\app\IDEA\projects\gitee\target\classes started by zhuzhengbin in C:\app\IDEA\projects\gitee)
22:29:58.560 [main] INFO  com.zhuzb.gitee.GiteeApplication - No active profile set, falling back to default profiles: default
22:30:00.811 [main] INFO  org.apache.coyote.http11.Http11NioProtocol - Initializing ProtocolHandler ["http-nio-8080"]
22:30:00.812 [main] INFO  org.apache.catalina.core.StandardService - Starting service [Tomcat]
22:30:00.812 [main] INFO  org.apache.catalina.core.StandardEngine - Starting Servlet engine: [Apache Tomcat/9.0.35]
22:30:00.997 [main] INFO  org.apache.catalina.core.ContainerBase.[Tomcat].[localhost].[/] - Initializing Spring embedded WebApplicationContext
22:30:02.040 [main] INFO  com.zaxxer.hikari.HikariDataSource - HikariPool-1 - Starting...
22:30:02.479 [main] INFO  com.zaxxer.hikari.HikariDataSource - HikariPool-1 - Start completed.
22:30:02.632 [main] INFO  org.apache.coyote.http11.Http11NioProtocol - Starting ProtocolHandler ["http-nio-8080"]
22:30:02.708 [main] INFO  com.zhuzb.gitee.GiteeApplication - Started GiteeApplication in 5.218 seconds (JVM running for 10.739)
22:30:32.511 [http-nio-8080-exec-1] INFO  org.apache.catalina.core.ContainerBase.[Tomcat].[localhost].[/] - Initializing Spring DispatcherServlet 'dispatcherServlet'
22:30:32.560 [http-nio-8080-exec-1] INFO  com.zhuzb.gitee.service.impl.ServiceImpl - 第一次执行日志
22:34:52.282 [main] INFO  com.zhuzb.gitee.GiteeApplication - Starting GiteeApplication on DESKTOP-APV9JPQ with PID 10404 (C:\app\IDEA\projects\gitee\target\classes started by zhuzhengbin in C:\app\IDEA\projects\gitee)
22:34:52.299 [main] INFO  com.zhuzb.gitee.GiteeApplication - No active profile set, falling back to default profiles: default
22:34:54.574 [main] INFO  org.apache.coyote.http11.Http11NioProtocol - Initializing ProtocolHandler ["http-nio-8080"]
22:34:54.575 [main] INFO  org.apache.catalina.core.StandardService - Starting service [Tomcat]
22:34:54.576 [main] INFO  org.apache.catalina.core.StandardEngine - Starting Servlet engine: [Apache Tomcat/9.0.35]
22:34:54.764 [main] INFO  org.apache.catalina.core.ContainerBase.[Tomcat].[localhost].[/] - Initializing Spring embedded WebApplicationContext
22:34:55.832 [main] INFO  com.zaxxer.hikari.HikariDataSource - HikariPool-1 - Starting...
22:34:56.132 [main] INFO  com.zaxxer.hikari.HikariDataSource - HikariPool-1 - Start completed.
22:34:56.276 [main] INFO  org.apache.coyote.http11.Http11NioProtocol - Starting ProtocolHandler ["http-nio-8080"]
22:34:56.373 [main] INFO  com.zhuzb.gitee.GiteeApplication - Started GiteeApplication in 5.143 seconds (JVM running for 12.31)
22:35:02.279 [http-nio-8080-exec-1] INFO  org.apache.catalina.core.ContainerBase.[Tomcat].[localhost].[/] - Initializing Spring DispatcherServlet 'dispatcherServlet'
22:35:02.334 [http-nio-8080-exec-1] ERROR com.zhuzb.gitee.service.impl.ServiceImpl - 测试error日志
22:35:58.741 [http-nio-8080-exec-3] ERROR com.zhuzb.gitee.service.impl.ServiceImpl - 测试error日志
22:36:11.839 [http-nio-8080-exec-5] ERROR com.zhuzb.gitee.service.impl.ServiceImpl - 测试error日志
22:36:58.253 [http-nio-8080-exec-7] ERROR com.zhuzb.gitee.service.impl.ServiceImpl - 测试error日志
22:37:16.216 [http-nio-8080-exec-9] INFO  com.zhuzb.gitee.service.impl.ServiceImpl - 测试error日志
22:38:26.750 [main] INFO  com.zhuzb.gitee.GiteeApplication - Starting GiteeApplication on DESKTOP-APV9JPQ with PID 5796 (C:\app\IDEA\projects\gitee\target\classes started by zhuzhengbin in C:\app\IDEA\projects\gitee)
22:38:26.764 [main] INFO  com.zhuzb.gitee.GiteeApplication - No active profile set, falling back to default profiles: default
22:38:28.417 [main] INFO  org.apache.coyote.http11.Http11NioProtocol - Initializing ProtocolHandler ["http-nio-8080"]
22:38:28.418 [main] INFO  org.apache.catalina.core.StandardService - Starting service [Tomcat]
22:38:28.418 [main] INFO  org.apache.catalina.core.StandardEngine - Starting Servlet engine: [Apache Tomcat/9.0.35]
22:38:28.576 [main] INFO  org.apache.catalina.core.ContainerBase.[Tomcat].[localhost].[/] - Initializing Spring embedded WebApplicationContext
22:38:29.164 [main] INFO  com.zaxxer.hikari.HikariDataSource - HikariPool-1 - Starting...
22:38:29.454 [main] INFO  com.zaxxer.hikari.HikariDataSource - HikariPool-1 - Start completed.
22:38:29.527 [main] INFO  org.apache.coyote.http11.Http11NioProtocol - Starting ProtocolHandler ["http-nio-8080"]
22:38:29.567 [main] INFO  com.zhuzb.gitee.GiteeApplication - Started GiteeApplication in 3.551 seconds (JVM running for 5.856)
22:46:33.083 [main] INFO  com.zhuzb.gitee.GiteeApplication - Starting GiteeApplication on DESKTOP-APV9JPQ with PID 3284 (C:\app\IDEA\projects\gitee\target\classes started by zhuzhengbin in C:\app\IDEA\projects\gitee)
22:46:33.103 [main] INFO  com.zhuzb.gitee.GiteeApplication - No active profile set, falling back to default profiles: default
22:46:35.192 [main] INFO  org.apache.coyote.http11.Http11NioProtocol - Initializing ProtocolHandler ["http-nio-8080"]
22:46:35.192 [main] INFO  org.apache.catalina.core.StandardService - Starting service [Tomcat]
22:46:35.192 [main] INFO  org.apache.catalina.core.StandardEngine - Starting Servlet engine: [Apache Tomcat/9.0.35]
22:46:35.372 [main] INFO  org.apache.catalina.core.ContainerBase.[Tomcat].[localhost].[/] - Initializing Spring embedded WebApplicationContext
22:46:36.288 [main] INFO  com.zaxxer.hikari.HikariDataSource - HikariPool-1 - Starting...
22:46:36.515 [main] INFO  com.zaxxer.hikari.HikariDataSource - HikariPool-1 - Start completed.
22:46:36.611 [main] INFO  org.apache.coyote.http11.Http11NioProtocol - Starting ProtocolHandler ["http-nio-8080"]
22:46:36.692 [main] INFO  com.zhuzb.gitee.GiteeApplication - Started GiteeApplication in 4.636 seconds (JVM running for 10.905)
22:46:56.062 [http-nio-8080-exec-2] INFO  org.apache.catalina.core.ContainerBase.[Tomcat].[localhost].[/] - Initializing Spring DispatcherServlet 'dispatcherServlet'
22:46:56.115 [http-nio-8080-exec-2] ERROR com.zhuzb.gitee.service.impl.ServiceImpl - 重新测试error日志的记录
22:47:36.193 [http-nio-8080-exec-4] ERROR com.zhuzb.gitee.service.impl.ServiceImpl - 重新测试error日志的记录
22:48:12.383 [main] INFO  com.zhuzb.gitee.GiteeApplication - Starting GiteeApplication on DESKTOP-APV9JPQ with PID 2752 (C:\app\IDEA\projects\gitee\target\classes started by zhuzhengbin in C:\app\IDEA\projects\gitee)
22:48:12.393 [main] INFO  com.zhuzb.gitee.GiteeApplication - No active profile set, falling back to default profiles: default
22:48:13.825 [main] INFO  org.apache.coyote.http11.Http11NioProtocol - Initializing ProtocolHandler ["http-nio-8080"]
22:48:13.825 [main] INFO  org.apache.catalina.core.StandardService - Starting service [Tomcat]
22:48:13.835 [main] INFO  org.apache.catalina.core.StandardEngine - Starting Servlet engine: [Apache Tomcat/9.0.35]
22:48:13.995 [main] INFO  org.apache.catalina.core.ContainerBase.[Tomcat].[localhost].[/] - Initializing Spring embedded WebApplicationContext
22:48:14.612 [main] INFO  com.zaxxer.hikari.HikariDataSource - HikariPool-1 - Starting...
22:48:14.897 [main] INFO  com.zaxxer.hikari.HikariDataSource - HikariPool-1 - Start completed.
22:48:14.979 [main] INFO  org.apache.coyote.http11.Http11NioProtocol - Starting ProtocolHandler ["http-nio-8080"]
22:48:15.017 [main] INFO  com.zhuzb.gitee.GiteeApplication - Started GiteeApplication in 3.417 seconds (JVM running for 5.803)
22:48:33.471 [http-nio-8080-exec-1] INFO  org.apache.catalina.core.ContainerBase.[Tomcat].[localhost].[/] - Initializing Spring DispatcherServlet 'dispatcherServlet'
22:48:33.505 [http-nio-8080-exec-1] ERROR com.zhuzb.gitee.service.impl.ServiceImpl - 重新测试error日志的记录
